2021/10/18 14:52:57 {"callers":["/mnt/f/Self/go_programming_tour/blog-service/main.go: 24 main.init.0"],"level":"info","message":"xieli: blog-service/test logger","time":1634539977438840400}
2021/10/18 17:39:19 {"callers":["/mnt/f/Self/go_programming_tour/blog-service/main.go: 24 main.init.0"],"level":"info","message":"xieli: blog-service/test logger","time":1634549959232980900}
2021/10/19 08:50:30 {"callers":["/mnt/f/Self/go_programming_tour/blog-service/main.go: 24 main.init.0"],"level":"info","message":"xieli: blog-service/test logger","time":1634604630746084700}
2021/10/19 10:10:01 {"callers":["/mnt/f/Self/go_programming_tour/blog-service/main.go: 24 main.init.0"],"level":"info","message":"xieli: blog-service/test logger","time":1634609401307634500}
2021/10/19 10:13:43 {"callers":["f:/Self/go_programming_tour/blog-service/main.go: 24 main.init.0"],"level":"info","message":"xieli: blog-service/test logger","time":1634609623710513800}
2021/10/19 10:14:54 {"callers":["/mnt/f/Self/go_programming_tour/blog-service/main.go: 24 main.init.0"],"level":"info","message":"xieli: blog-service/test logger","time":1634609694532918300}
2021/10/19 10:15:30 {"callers":["/mnt/f/Self/go_programming_tour/blog-service/main.go: 24 main.init.0"],"level":"info","message":"xieli: blog-service/test logger","time":1634609730843971200}
2021/10/19 10:16:54 {"callers":["/mnt/f/Self/go_programming_tour/blog-service/main.go: 24 main.init.0"],"level":"info","message":"xieli: blog-service/test logger","time":1634609814666650600}
2021/10/19 10:19:32 {"callers":["/mnt/f/Self/go_programming_tour/blog-service/main.go: 24 main.init.0"],"level":"info","message":"xieli: blog-service/test logger","time":1634609972710642200}
2021/10/19 10:21:23 {"callers":["/mnt/f/Self/go_programming_tour/blog-service/main.go: 24 main.init.0"],"level":"error","message":"app.BindAndValid error: State必须是[0 1]中的一个","time":1634610083632068100}
2021/10/19 10:21:50 {"callers":["/mnt/f/Self/go_programming_tour/blog-service/main.go: 24 main.init.0"],"level":"error","message":"app.BindAndValid error: State必须是[0 1]中的一个","time":1634610110173551400}
2021/10/19 10:31:21 {"callers":["/mnt/f/Self/go_programming_tour/blog-service/main.go: 24 main.init.0"],"level":"info","message":"xieli: blog-service/test logger","time":1634610681466650900}
2021/10/19 10:31:36 {"callers":["/mnt/f/Self/go_programming_tour/blog-service/main.go: 24 main.init.0"],"level":"error","message":"app.BindAndValid error: State必须是[0 1]中的一个","time":1634610696156960300}
2021/10/19 10:42:44 {"callers":["/mnt/f/Self/go_programming_tour/blog-service/main.go: 24 main.init.0"],"level":"info","message":"xieli: blog-service/test logger","time":1634611364478795800}
2021/10/19 10:52:38 {"callers":["/mnt/f/Self/go_programming_tour/blog-service/main.go: 24 main.init.0"],"level":"info","message":"xieli: blog-service/test logger","time":1634611958317985900}
2021/10/19 10:52:43 {"callers":["/mnt/f/Self/go_programming_tour/blog-service/main.go: 24 main.init.0"],"level":"error","message":"app.BindAndValid error: State必须是[0 1]中的一个","time":1634611963168543000}
2021/10/19 10:55:20 {"callers":["/mnt/f/Self/go_programming_tour/blog-service/main.go: 24 main.init.0"],"level":"info","message":"xieli: blog-service/test logger","time":1634612120714993700}
2021/10/19 10:55:56 {"callers":["/mnt/f/Self/go_programming_tour/blog-service/main.go: 24 main.init.0"],"level":"info","message":"xieli: blog-service/test logger","time":1634612156059487700}
2021/10/19 10:56:01 {"callers":["/mnt/f/Self/go_programming_tour/blog-service/main.go: 24 main.init.0"],"level":"error","message":"app.BindAndValid error: State必须是[0 1]中的一个","time":1634612161431822600}
2021/10/19 10:57:38 {"callers":["/mnt/f/Self/go_programming_tour/blog-service/main.go: 24 main.init.0"],"level":"info","message":"xieli: blog-service/test logger","time":1634612258923499600}
2021/10/19 10:57:45 {"callers":["/mnt/f/Self/go_programming_tour/blog-service/main.go: 24 main.init.0"],"level":"error","message":"app.BindAndValid error: Key: 'TagListRequest.State' Error:Field validation for 'State' failed on the 'oneof' tag","time":1634612265959447800}
2021/10/19 11:00:13 {"callers":["/mnt/f/Self/go_programming_tour/blog-service/main.go: 24 main.init.0"],"level":"info","message":"xieli: blog-service/test logger","time":1634612413999793400}
2021/10/19 11:00:52 {"callers":["/mnt/f/Self/go_programming_tour/blog-service/main.go: 24 main.init.0"],"level":"info","message":"xieli: blog-service/test logger","time":1634612452093652000}
2021/10/19 11:01:07 {"callers":["/mnt/f/Self/go_programming_tour/blog-service/main.go: 24 main.init.0"],"level":"error","message":"app.BindAndValid error: State必须是[0 1]中的一个","time":1634612467591704200}
2021/10/19 14:07:05 {"callers":["/mnt/f/Self/go_programming_tour/blog-service/main.go: 24 main.init.0"],"level":"info","message":"xieli: blog-service/test logger","time":1634623625820543700}
2021/10/19 14:07:14 {"callers":["/mnt/f/Self/go_programming_tour/blog-service/main.go: 24 main.init.0"],"level":"error","message":"app.BindAndValid error: State必须是[0 1]中的一个","time":1634623634737228000}
2021/10/19 14:09:51 {"callers":["/mnt/f/Self/go_programming_tour/blog-service/main.go: 24 main.init.0"],"level":"info","message":"xieli: blog-service/test logger","time":1634623791847927900}
2021/10/19 14:09:58 {"callers":["/mnt/f/Self/go_programming_tour/blog-service/main.go: 24 main.init.0"],"level":"error","message":"app.BindAndValid error: State必须是[0 1]中的一个","time":1634623798952340500}
2021/10/19 14:11:01 {"callers":["/mnt/f/Self/go_programming_tour/blog-service/main.go: 24 main.init.0"],"level":"error","message":"app.BindAndValid error: State必须是[0 1]中的一个","time":1634623861491241000}
2021/10/19 14:13:04 {"callers":["/mnt/f/Self/go_programming_tour/blog-service/main.go: 24 main.init.0"],"level":"error","message":"app.BindAndValid error: State必须是[0 1]中的一个","time":1634623984481968100}
2021/10/19 14:13:12 {"callers":["/mnt/f/Self/go_programming_tour/blog-service/main.go: 24 main.init.0"],"level":"error","message":"app.BindAndValid error: State必须是[0 1]中的一个","time":1634623992164122500}
2021/10/19 15:26:34 {"callers":["/mnt/f/Self/go_programming_tour/blog-service/main.go: 24 main.init.0"],"level":"info","message":"xieli: blog-service/test logger","time":1634628394547054300}
2021/10/19 16:49:31 {"callers":["/mnt/f/Self/go_programming_tour/blog-service/main.go: 24 main.init.0"],"level":"info","message":"xieli: blog-service/test logger","time":1634633371921674800}
2021/10/20 08:43:04 {"callers":["/mnt/f/Self/go_programming_tour/blog-service/main.go: 24 main.init.0"],"level":"info","message":"xieli: blog-service/test logger","time":1634690583999979600}
2021/10/20 08:44:08 {"callers":["/mnt/f/Self/go_programming_tour/blog-service/main.go: 24 main.init.0"],"level":"error","message":"app.BindAndValid error: Name长度必须至少为3个字符,State为必填字段","time":1634690648040690200}
2021/10/20 08:47:03 {"callers":["/mnt/f/Self/go_programming_tour/blog-service/main.go: 24 main.init.0"],"level":"error","message":"app.BindAndValid error: State为必填字段,ModifiedBy为必填字段","time":1634690823193573900}
2021/10/20 08:47:41 {"callers":["/mnt/f/Self/go_programming_tour/blog-service/main.go: 24 main.init.0"],"level":"error","message":"app.BindAndValid error: State为必填字段,ModifiedBy为必填字段","time":1634690861076400400}
2021/10/20 08:49:50 {"callers":["/mnt/f/Self/go_programming_tour/blog-service/main.go: 24 main.init.0"],"level":"error","message":"app.BindAndValid error: State为必填字段,ModifiedBy为必填字段","time":1634690990606217200}
2021/10/20 08:50:14 {"callers":["/mnt/f/Self/go_programming_tour/blog-service/main.go: 24 main.init.0"],"level":"error","message":"app.BindAndValid error: Name长度必须至少为3个字符","time":1634691014389060500}
2021/10/20 08:51:19 {"callers":["/mnt/f/Self/go_programming_tour/blog-service/main.go: 24 main.init.0"],"level":"error","message":"app.BindAndValid error: State为必填字段","time":1634691079853665600}
2021/10/20 09:04:21 {"callers":["/mnt/f/Self/go_programming_tour/blog-service/main.go: 24 main.init.0"],"level":"error","message":"app.BindAndValid error: State为必填字段","time":1634691861057959800}
2021/10/20 09:26:42 {"callers":["/mnt/f/Self/go_programming_tour/blog-service/main.go: 24 main.init.0"],"level":"info","message":"xieli: blog-service/test logger","time":1634693202633292000}
2021/10/20 09:27:09 {"callers":["/mnt/f/Self/go_programming_tour/blog-service/main.go: 24 main.init.0"],"level":"error","message":"app.BindAndValid error: State为必填字段","time":1634693229756060800}
2021/10/20 09:27:21 {"callers":["/mnt/f/Self/go_programming_tour/blog-service/main.go: 24 main.init.0"],"level":"error","message":"app.BindAndValid error: State必须是[0 1]中的一个","time":1634693241274420500}
2021/10/20 09:28:35 {"callers":["/mnt/f/Self/go_programming_tour/blog-service/main.go: 24 main.init.0"],"level":"error","message":"app.BindAndValid error: State为必填字段","time":1634693315461292200}
2021/10/20 09:31:01 {"callers":["/mnt/f/Self/go_programming_tour/blog-service/main.go: 24 main.init.0"],"level":"error","message":"app.BindAndValid error: State为必填字段","time":1634693461960430900}
2021/10/20 09:31:02 {"callers":["/mnt/f/Self/go_programming_tour/blog-service/main.go: 24 main.init.0"],"level":"error","message":"app.BindAndValid error: State为必填字段","time":1634693462687169000}
2021/10/20 09:31:03 {"callers":["/mnt/f/Self/go_programming_tour/blog-service/main.go: 24 main.init.0"],"level":"error","message":"app.BindAndValid error: State为必填字段","time":1634693463670329300}
2021/10/20 09:39:21 {"callers":["/mnt/f/Self/go_programming_tour/blog-service/main.go: 24 main.init.0"],"level":"error","message":"app.BindAndValid error: State为必填字段","time":1634693961790174800}
2021/10/20 09:43:58 {"callers":["/mnt/f/Self/go_programming_tour/blog-service/main.go: 24 main.init.0"],"level":"info","message":"xieli: blog-service/test logger","time":1634694238980831500}
2021/10/20 10:38:20 {"callers":["/mnt/f/Self/go_programming_tour/blog-service/main.go: 28 main.init.0"],"level":"info","message":"xieli: blog-service/test logger","time":1634697500238961200}
2021/10/31 11:13:18 {"callers":["F:/10---Golang/project/goprj-blog_service/main.go: 28 main.init.0"],"level":"info","message":"xieli: blog-service/test logger","time":1635649998052808200}
2021/10/31 11:21:17 {"callers":["F:/10---Golang/project/goprj-blog_service/main.go: 28 main.init.0"],"level":"error","message":"app.BindAndValid error: Title为必填字段,Desc为必填字段,Content为必填字段,CoverImageUrl为必填字段,CreatedBy为必填字段","time":1635650477912854400}
2021/10/31 11:22:54 {"callers":["F:/10---Golang/project/goprj-blog_service/main.go: 28 main.init.0"],"level":"error","message":"app.BindAndValid error: CoverImageUrl为必填字段,CreatedBy为必填字段,Title为必填字段,Desc为必填字段,Content为必填字段","time":1635650574977262100}
2021/10/31 11:24:26 {"callers":["F:/10---Golang/project/goprj-blog_service/main.go: 28 main.init.0"],"level":"error","message":"app.BindAndValid error: CoverImageUrl必须是一个有效的URL","time":1635650666472091000}
2021/10/31 11:25:26 {"callers":["F:/10---Golang/project/goprj-blog_service/main.go: 28 main.init.0"],"level":"error","message":"app.BindAndValid error: CoverImageUrl必须是一个有效的URL","time":1635650726170899500}
2021/10/31 11:25:32 {"callers":["F:/10---Golang/project/goprj-blog_service/main.go: 28 main.init.0"],"level":"error","message":"app.BindAndValid error: CoverImageUrl必须是一个有效的URL","time":1635650732712815700}
2021/11/08 09:29:36 {"callers":["F:/Self/go_programming_tour/blog-service/main.go: 28 main.init.0"],"level":"info","message":"xieli: blog-service/test logger","time":1636334976166189100}
2021/11/08 09:42:37 {"callers":["F:/Self/go_programming_tour/blog-service/main.go: 28 main.init.0"],"level":"error","message":"app.BindAndValid error: Content为必填字段","time":1636335757990676100}
2021/11/08 10:14:29 {"callers":["F:/Self/go_programming_tour/blog-service/main.go: 28 main.init.0"],"level":"info","message":"xieli: blog-service/test logger","time":1636337669539724800}
2021/11/08 10:17:54 {"callers":["f:/Self/go_programming_tour/blog-service/main.go: 28 main.init.0"],"level":"info","message":"xieli: blog-service/test logger","time":1636337874945601800}
2021/11/08 10:18:53 {"callers":["f:/Self/go_programming_tour/blog-service/main.go: 28 main.init.0"],"level":"info","message":"xieli: blog-service/test logger","time":1636337933514224500}
2021/11/08 10:19:48 {"callers":["F:/Self/go_programming_tour/blog-service/main.go: 28 main.init.0"],"level":"info","message":"xieli: blog-service/test logger","time":1636337988839908700}
2021/11/08 10:49:48 {"callers":["F:/Self/go_programming_tour/blog-service/main.go: 28 main.init.0"],"level":"info","message":"xieli: blog-service/test logger","time":1636339788766766300}
2021/11/08 11:00:23 {"callers":["F:/Self/go_programming_tour/blog-service/main.go: 28 main.init.0"],"level":"error","message":"app.BindAndValid error: ModifiedBy为必填字段","time":1636340423744319200}
2021/11/08 11:04:45 {"callers":["F:/Self/go_programming_tour/blog-service/main.go: 28 main.init.0"],"level":"error","message":"app.BindAndValid error: TagID必须大于或等于1","time":1636340685656752900}
2021/11/08 11:05:24 {"callers":["F:/Self/go_programming_tour/blog-service/main.go: 28 main.init.0"],"level":"error","message":"app.GetArticleList error: Error 1054: Unknown column 'as.content' in 'field list'","time":1636340724090877200}
2021/11/08 11:06:51 {"callers":["F:/Self/go_programming_tour/blog-service/main.go: 28 main.init.0"],"level":"info","message":"xieli: blog-service/test logger","time":1636340811940980600}
2021/11/08 11:15:49 {"callers":["F:/Self/go_programming_tour/blog-service/main.go: 28 main.init.0"],"level":"info","message":"xieli: blog-service/test logger","time":1636341349702978400}
2021/11/08 11:17:52 {"callers":["F:/Self/go_programming_tour/blog-service/main.go: 28 main.init.0"],"level":"info","message":"xieli: blog-service/test logger","time":1636341472347896200}
2021/11/08 11:22:20 {"callers":["F:/Self/go_programming_tour/blog-service/main.go: 28 main.init.0"],"level":"info","message":"xieli: blog-service/test logger","time":1636341740387194400}
2021/11/08 11:24:09 {"callers":["F:/Self/go_programming_tour/blog-service/main.go: 28 main.init.0"],"level":"info","message":"xieli: blog-service/test logger","time":1636341849569981900}
2021/11/08 11:27:01 {"callers":["F:/Self/go_programming_tour/blog-service/main.go: 28 main.init.0"],"level":"info","message":"xieli: blog-service/test logger","time":1636342021623198700}
2021/11/08 11:27:52 {"callers":["F:/Self/go_programming_tour/blog-service/main.go: 28 main.init.0"],"level":"info","message":"xieli: blog-service/test logger","time":1636342072215172700}
2021/11/08 11:30:05 {"callers":["F:/Self/go_programming_tour/blog-service/main.go: 28 main.init.0"],"level":"info","message":"xieli: blog-service/test logger","time":1636342205327291400}
2021/11/08 11:32:37 {"callers":["F:/Self/go_programming_tour/blog-service/main.go: 28 main.init.0"],"level":"info","message":"xieli: blog-service/test logger","time":1636342357935641700}
2021/11/08 14:04:23 {"callers":["F:/Self/go_programming_tour/blog-service/main.go: 28 main.init.0"],"level":"info","message":"xieli: blog-service/test logger","time":1636351463722697800}
2021/11/08 15:53:23 {"callers":["F:/Self/go_programming_tour/blog-service/main.go: 28 main.init.0"],"level":"info","message":"xieli: blog-service/test logger","time":1636358003219258300}
2021/11/08 15:56:00 {"callers":["F:/Self/go_programming_tour/blog-service/main.go: 28 main.init.0"],"level":"info","message":"xieli: blog-service/test logger","time":1636358160585220800}
2021/11/08 15:57:04 {"callers":["F:/Self/go_programming_tour/blog-service/main.go: 28 main.init.0"],"level":"error","message":"app.GetArticleList error: Error 1054: Unknown column 'as.content' in 'field list'","time":1636358224638580000}
2021/11/08 16:11:19 {"callers":["F:/Self/go_programming_tour/blog-service/main.go: 28 main.init.0"],"level":"error","message":"app.GetArticleList error: Error 1054: Unknown column 'as.content' in 'field list'","time":1636359079248510700}
2021/11/08 16:13:15 {"callers":["F:/Self/go_programming_tour/blog-service/main.go: 28 main.init.0"],"level":"info","message":"xieli: blog-service/test logger","time":1636359195601143600}
2021/11/08 16:13:24 {"callers":["F:/Self/go_programming_tour/blog-service/main.go: 28 main.init.0"],"level":"error","message":"app.GetArticleList error: Error 1054: Unknown column 't.t_name' in 'field list'","time":1636359204840407600}
2021/11/08 16:13:25 {"callers":["F:/Self/go_programming_tour/blog-service/main.go: 28 main.init.0"],"level":"error","message":"app.GetArticleList error: Error 1054: Unknown column 't.t_name' in 'field list'","time":1636359205676176400}
2021/11/12 10:02:47 {"callers":["F:/Self/go_programming_tour/blog-service/main.go: 28 main.init.0"],"level":"info","message":"xieli: blog-service/test logger","time":1636682567510980100}
2021/11/12 14:31:14 {"callers":["F:/Self/go_programming_tour/blog-service/main.go: 28 main.init.0"],"level":"info","message":"xieli: blog-service/test logger","time":1636698674499881900}
2021/11/12 14:38:13 {"callers":["F:/Self/go_programming_tour/blog-service/main.go: 28 main.init.0"],"level":"info","message":"xieli: blog-service/test logger","time":1636699093430191600}
2021/11/13 16:31:44 {"callers":["F:/10---Golang/project/goprj-blog_service/main.go: 28 main.init.0"],"level":"info","message":"xieli: blog-service/test logger","time":1636792304784421300}
2021/11/13 16:34:23 {"callers":["F:/10---Golang/project/goprj-blog_service/main.go: 28 main.init.0"],"level":"error","message":"app.BindAndValid error: AppKey为必填字段,AppSecret为必填字段","time":1636792463621916800}
2021/11/13 16:34:48 {"callers":["F:/10---Golang/project/goprj-blog_service/main.go: 28 main.init.0"],"level":"error","message":"app.BindAndValid error: AppKey为必填字段,AppSecret为必填字段","time":1636792488341861400}
2021/11/13 16:40:21 {"callers":["F:/10---Golang/project/goprj-blog_service/main.go: 28 main.init.0"],"level":"error","message":"app.BindAndValid error: AppKey为必填字段,AppSecret为必填字段","time":1636792821683195500}
2021/11/13 16:40:58 {"callers":["F:/10---Golang/project/goprj-blog_service/main.go: 28 main.init.0"],"level":"error","message":"app.GenerateToken error: key is of invalid type","time":1636792858117731800}
2021/11/13 16:42:05 {"callers":["F:/10---Golang/project/goprj-blog_service/main.go: 28 main.init.0"],"level":"error","message":"app.GenerateToken error: key is of invalid type","time":1636792925732311700}
2021/11/13 16:53:10 {"callers":["F:/10---Golang/project/goprj-blog_service/main.go: 28 main.init.0"],"level":"info","message":"xieli: blog-service/test logger","time":1636793590046087800}
2021/11/13 16:53:15 {"callers":["F:/10---Golang/project/goprj-blog_service/main.go: 28 main.init.0"],"level":"error","message":"app.GenerateToken error: key is of invalid type","time":1636793595422538400}
2021/11/13 16:53:36 {"callers":["F:/10---Golang/project/goprj-blog_service/main.go: 28 main.init.0"],"level":"error","message":"app.GenerateToken error: key is of invalid type","time":1636793616138916600}
2021/11/13 16:56:35 {"callers":["F:/10---Golang/project/goprj-blog_service/main.go: 28 main.init.0"],"level":"info","message":"xieli: blog-service/test logger","time":1636793795490841100}
2021/11/13 16:56:41 {"callers":["F:/10---Golang/project/goprj-blog_service/main.go: 28 main.init.0"],"level":"error","message":"app.GenerateToken error: key is of invalid type","time":1636793801050925000}
2021/11/13 16:56:42 {"callers":["F:/10---Golang/project/goprj-blog_service/main.go: 28 main.init.0"],"level":"error","message":"app.GenerateToken error: key is of invalid type","time":1636793802025513600}
2021/11/13 16:56:42 {"callers":["F:/10---Golang/project/goprj-blog_service/main.go: 28 main.init.0"],"level":"error","message":"app.GenerateToken error: key is of invalid type","time":1636793802661725500}
2021/11/13 16:58:09 {"callers":["F:/10---Golang/project/goprj-blog_service/main.go: 28 main.init.0"],"level":"info","message":"xieli: blog-service/test logger","time":1636793889139861200}
2021/11/13 16:58:14 {"callers":["F:/10---Golang/project/goprj-blog_service/main.go: 28 main.init.0"],"level":"error","message":"app.GenerateToken error: key is of invalid type","time":1636793894072029100}
2021/11/13 16:58:14 {"callers":["F:/10---Golang/project/goprj-blog_service/main.go: 28 main.init.0"],"level":"error","message":"app.GenerateToken error: key is of invalid type","time":1636793894914050900}
2021/11/13 16:58:15 {"callers":["F:/10---Golang/project/goprj-blog_service/main.go: 28 main.init.0"],"level":"error","message":"app.GenerateToken error: key is of invalid type","time":1636793895760245900}
2021/11/13 16:58:43 {"callers":["F:/10---Golang/project/goprj-blog_service/main.go: 28 main.init.0"],"level":"info","message":"xieli: blog-service/test logger","time":1636793923149106300}
2021/11/13 16:58:52 {"callers":["F:/10---Golang/project/goprj-blog_service/main.go: 28 main.init.0"],"level":"error","message":"app.GenerateToken error: key is of invalid type","time":1636793932179234200}
2021/11/13 16:58:53 {"callers":["F:/10---Golang/project/goprj-blog_service/main.go: 28 main.init.0"],"level":"error","message":"app.GenerateToken error: key is of invalid type","time":1636793933044357600}
2021/11/13 16:59:57 {"callers":["F:/10---Golang/project/goprj-blog_service/main.go: 28 main.init.0"],"level":"info","message":"xieli: blog-service/test logger","time":1636793997052468700}
2021/11/13 17:00:02 {"callers":["F:/10---Golang/project/goprj-blog_service/main.go: 28 main.init.0"],"level":"error","message":"app.GenerateToken error: key is of invalid type","time":1636794002343312800}
2021/11/13 17:00:03 {"callers":["F:/10---Golang/project/goprj-blog_service/main.go: 28 main.init.0"],"level":"error","message":"app.GenerateToken error: key is of invalid type","time":1636794003701621900}
2021/11/13 17:01:43 {"callers":["F:/10---Golang/project/goprj-blog_service/main.go: 28 main.init.0"],"level":"info","message":"xieli: blog-service/test logger","time":1636794103605502600}
2021/11/13 17:01:49 {"callers":["F:/10---Golang/project/goprj-blog_service/main.go: 28 main.init.0"],"level":"error","message":"app.GenerateToken error: key is of invalid type","time":1636794109099184800}
2021/11/13 17:01:49 {"callers":["F:/10---Golang/project/goprj-blog_service/main.go: 28 main.init.0"],"level":"error","message":"app.GenerateToken error: key is of invalid type","time":1636794109849127400}
2021/11/13 17:01:50 {"callers":["F:/10---Golang/project/goprj-blog_service/main.go: 28 main.init.0"],"level":"error","message":"app.GenerateToken error: key is of invalid type","time":1636794110696652900}
2021/11/13 17:02:52 {"callers":["F:/10---Golang/project/goprj-blog_service/main.go: 28 main.init.0"],"level":"info","message":"xieli: blog-service/test logger","time":1636794172720568700}
2021/11/13 17:02:59 {"callers":["F:/10---Golang/project/goprj-blog_service/main.go: 28 main.init.0"],"level":"error","message":"app.GenerateToken error: key is of invalid type","time":1636794179154261500}
2021/11/13 17:04:38 {"callers":["F:/10---Golang/project/goprj-blog_service/main.go: 28 main.init.0"],"level":"info","message":"xieli: blog-service/test logger","time":1636794278267149400}
2021/11/13 17:04:44 {"callers":["F:/10---Golang/project/goprj-blog_service/main.go: 28 main.init.0"],"level":"error","message":"app.GenerateToken error: key is of invalid type","time":1636794284456484800}
2021/11/13 17:06:32 {"callers":["F:/10---Golang/project/goprj-blog_service/main.go: 28 main.init.0"],"level":"info","message":"xieli: blog-service/test logger","time":1636794392479228300}
2021/11/13 17:06:37 {"callers":["F:/10---Golang/project/goprj-blog_service/main.go: 28 main.init.0"],"level":"error","message":"app.GenerateToken error: key is of invalid type","time":1636794397595052500}
2021/11/13 17:07:24 {"callers":["F:/10---Golang/project/goprj-blog_service/main.go: 28 main.init.0"],"level":"info","message":"xieli: blog-service/test logger","time":1636794444021179400}
2021/11/13 17:07:30 {"callers":["F:/10---Golang/project/goprj-blog_service/main.go: 28 main.init.0"],"level":"error","message":"app.GenerateToken error: key is of invalid type","time":1636794450288344800}
2021/11/13 17:09:05 {"callers":["f:/10---Golang/project/goprj-blog_service/main.go: 28 main.init.0"],"level":"info","message":"xieli: blog-service/test logger","time":1636794545839783700}
2021/11/13 17:09:11 {"callers":["f:/10---Golang/project/goprj-blog_service/main.go: 28 main.init.0"],"level":"error","message":"app.GenerateToken error: key is of invalid type","time":1636794551209991200}
2021/11/13 17:11:38 {"callers":["F:/10---Golang/project/goprj-blog_service/main.go: 28 main.init.0"],"level":"info","message":"xieli: blog-service/test logger","time":1636794698983284800}
2021/11/13 17:23:07 {"callers":["F:/10---Golang/project/goprj-blog_service/main.go: 28 main.init.0"],"level":"info","message":"xieli: blog-service/test logger","time":1636795387354379700}
